2023-02-25 20:38:42: Token address: 
2023-02-25 21:14:51: Token address: 0x2A3f76215A16FBAcde4B8E042b352FcEf9B60f57
2023-02-25 21:14:51: Lottery address: 0xE616c58d9F047922C1b3b7800a8576357020308e
2023-02-25 21:14:52: Gas estimation to draw the lottery is 21204
2023-02-25 21:16:36: Token address: 0x2A3f76215A16FBAcde4B8E042b352FcEf9B60f57
2023-02-25 21:16:36: Lottery address: 0xE616c58d9F047922C1b3b7800a8576357020308e
2023-02-25 21:16:37: Gas estimation to draw the lottery is 21204
2023-02-25 21:17:09: Token address: 0x2A3f76215A16FBAcde4B8E042b352FcEf9B60f57
2023-02-25 21:17:09: Lottery address: 0xE616c58d9F047922C1b3b7800a8576357020308e
2023-02-25 21:17:09: Gas estimation to draw the lottery is 21204
2023-02-25 21:17:09: The main account 0x7a264bD70C24dd1792b2a98e3db69B57060B6b73 balance is: 0 BNB.
2023-02-25 21:17:09: .......Picking the winners.....
2023-02-25 21:18:33: Token address: 0x2A3f76215A16FBAcde4B8E042b352FcEf9B60f57
2023-02-25 21:18:33: Lottery address: 0xE616c58d9F047922C1b3b7800a8576357020308e
2023-02-25 21:22:49: Token address: 0x2A3f76215A16FBAcde4B8E042b352FcEf9B60f57
2023-02-25 21:22:49: Lottery address: 0xE616c58d9F047922C1b3b7800a8576357020308e
2023-02-25 21:22:50: Gas estimation to draw the lottery is 130223
2023-02-25 21:22:50: The main account 0x2C54BcE04B8250429afa3Ae15F72e703d0759582 balance is: 1.478086144779530278 BNB.
2023-02-25 21:24:06: Token address: 0xA51Cd42FcBea4e51091740EF3b331283a89E5911
2023-02-25 21:24:06: Lottery address: 0xE616c58d9F047922C1b3b7800a8576357020308e
2023-02-25 21:25:04: Token address: 0xA51Cd42FcBea4e51091740EF3b331283a89E5911
2023-02-25 21:25:04: Lottery address: 0xE616c58d9F047922C1b3b7800a8576357020308e
2023-02-25 21:26:23: Token address: 0xA51Cd42FcBea4e51091740EF3b331283a89E5911
2023-02-25 21:26:23: Lottery address: 0xE616c58d9F047922C1b3b7800a8576357020308e
2023-02-25 21:26:23: Gas estimation to draw the lottery is 130223
2023-02-25 21:26:23: The main account 0x2C54BcE04B8250429afa3Ae15F72e703d0759582 balance is: 1.478086144779530278 BNB.
2023-02-25 21:26:23: .......Picking the winners.....
2023-02-25 21:28:16: Token address: 0xA51Cd42FcBea4e51091740EF3b331283a89E5911
2023-02-25 21:28:16: Lottery address: 0xE616c58d9F047922C1b3b7800a8576357020308e
2023-02-25 21:28:17: Gas estimation to draw the lottery is 104978
2023-02-25 21:28:17: The main account 0x2C54BcE04B8250429afa3Ae15F72e703d0759582 balance is: 1.477441884779530278 BNB.
2023-02-25 21:28:17: .......Picking the winners.....
2023-02-25 21:40:03: Token address: 0xA51Cd42FcBea4e51091740EF3b331283a89E5911
2023-02-25 21:40:03: Lottery address: 0xE616c58d9F047922C1b3b7800a8576357020308e
2023-02-25 21:40:06: Gas estimation to draw the lottery is 345707
2023-02-25 21:40:06: The main account 0x2C54BcE04B8250429afa3Ae15F72e703d0759582 balance is: 1.474181634779530278 BNB.
2023-02-25 21:40:06: .......Picking the winners.....
2023-02-25 21:40:38: Transaction has been reverted by the EVM:
{
  "blockHash": "0x048f317c7c53e2d34960fe0b7550809878ece7b133f075435b8d6549ac81dc4a",
  "blockNumber": 27549182,
  "contractAddress": null,
  "cumulativeGasUsed": 380389,
  "effectiveGasPrice": 10000000000,
  "from": "0x2c54bce04b8250429afa3ae15f72e703d0759582",
  "gasUsed": 45343,
  "logsBloom": "0x00000000000000000000000000000000000000000000000000000000000000000000000000000000000000000000000000000000000000000000000000000000000000000000000000000000000000000000000000000000000000000000000000000000000000000000000000000000000000000000000000000000000000000000000000000000000000000000000000000000000000000000000000000000000000000000000000000000000000000000000000000000000000000000000000000000000000000000000000000000000000000000000000000000000000000000000000000000000000000000000000000000000000000000000000000000",
  "status": false,
  "to": "0xa51cd42fcbea4e51091740ef3b331283a89e5911",
  "transactionHash": "0xdf36c6765320a3ad67476e816f042a4635a41cf89643cedfa078c968ca681932",
  "transactionIndex": 4,
  "type": "0x0",
  "events": {}
}
2023-02-25 21:40:45: Transaction has been reverted by the EVM:
{
  "blockHash": "0xe4238d2bf9ca159ff1dbd56e32f72360c8c354a661b50b17a6ef79ac4a4aff53",
  "blockNumber": 27549184,
  "contractAddress": null,
  "cumulativeGasUsed": 304372,
  "effectiveGasPrice": 10000000000,
  "from": "0x2c54bce04b8250429afa3ae15f72e703d0759582",
  "gasUsed": 45343,
  "logsBloom": "0x00000000000000000000000000000000000000000000000000000000000000000000000000000000000000000000000000000000000000000000000000000000000000000000000000000000000000000000000000000000000000000000000000000000000000000000000000000000000000000000000000000000000000000000000000000000000000000000000000000000000000000000000000000000000000000000000000000000000000000000000000000000000000000000000000000000000000000000000000000000000000000000000000000000000000000000000000000000000000000000000000000000000000000000000000000000",
  "status": false,
  "to": "0xa51cd42fcbea4e51091740ef3b331283a89e5911",
  "transactionHash": "0x2559828637a77a5a9bb517288aa2912b7b2384513e9d86d7024a9f715623ac93",
  "transactionIndex": 3,
  "type": "0x0",
  "events": {}
}
2023-02-25 21:40:50: No more winner
2023-02-25 21:40:50: No more winner
2023-02-25 21:40:50: No more winner
2023-02-25 21:46:08: Token address: 0xA51Cd42FcBea4e51091740EF3b331283a89E5911
2023-02-25 21:46:08: Lottery address: 0xE616c58d9F047922C1b3b7800a8576357020308e
2023-02-25 21:46:10: Gas estimation to draw the lottery is 201369
2023-02-25 21:46:10: The main account 0x2C54BcE04B8250429afa3Ae15F72e703d0759582 balance is: 1.465369564779530278 BNB.
2023-02-25 21:46:10: .......Picking the winners.....
2023-02-25 21:46:50: Transaction has been reverted by the EVM:
{
  "blockHash": "0x481233ad30623d151d44537e7c9ec6a242a2762cf5087007c998c06c1d19fd47",
  "blockNumber": 27549306,
  "contractAddress": null,
  "cumulativeGasUsed": 233109,
  "effectiveGasPrice": 10000000000,
  "from": "0x2c54bce04b8250429afa3ae15f72e703d0759582",
  "gasUsed": 45343,
  "logsBloom": "0x00000000000000000000000000000000000000000000000000000000000000000000000000000000000000000000000000000000000000000000000000000000000000000000000000000000000000000000000000000000000000000000000000000000000000000000000000000000000000000000000000000000000000000000000000000000000000000000000000000000000000000000000000000000000000000000000000000000000000000000000000000000000000000000000000000000000000000000000000000000000000000000000000000000000000000000000000000000000000000000000000000000000000000000000000000000",
  "status": false,
  "to": "0xa51cd42fcbea4e51091740ef3b331283a89e5911",
  "transactionHash": "0x13467b3d0d66651f13f73ac1011b164dd77eb93296572c7dda92ecccda5aee34",
  "transactionIndex": 4,
  "type": "0x0",
  "events": {}
}
2023-02-25 21:46:53: No more winner
2023-02-25 21:46:53: No more winner
2023-02-25 21:46:53: No more winner
2023-02-25 21:56:37: Token address: 0xA51Cd42FcBea4e51091740EF3b331283a89E5911
2023-02-25 21:56:37: Lottery address: 0xE616c58d9F047922C1b3b7800a8576357020308e
2023-02-25 21:56:38: Gas estimation to draw the lottery is 201369
2023-02-25 21:56:38: The main account 0x2C54BcE04B8250429afa3Ae15F72e703d0759582 balance is: 1.458014714779530278 BNB.
2023-02-25 21:56:38: .......Picking the winners.....
2023-02-25 21:57:08: Token address: 0xA51Cd42FcBea4e51091740EF3b331283a89E5911
2023-02-25 21:57:08: Lottery address: 0xE616c58d9F047922C1b3b7800a8576357020308e
2023-02-25 21:57:09: Gas estimation to draw the lottery is 201369
2023-02-25 21:57:09: The main account 0x2C54BcE04B8250429afa3Ae15F72e703d0759582 balance is: 1.456140744779530278 BNB.
2023-02-25 21:57:10: .......Picking the winners.....
2023-02-25 21:57:50: No more winner
2023-02-25 21:57:50: No more winner
2023-02-25 21:57:50: No more winner
2023-02-25 22:00:47: Token address: 0xA51Cd42FcBea4e51091740EF3b331283a89E5911
2023-02-25 22:00:47: Lottery address: 0xE616c58d9F047922C1b3b7800a8576357020308e
2023-02-25 22:00:48: Gas estimation to draw the lottery is 201369
2023-02-25 22:00:48: The main account 0x2C54BcE04B8250429afa3Ae15F72e703d0759582 balance is: 1.448744494779530278 BNB.
2023-02-25 22:00:48: .......Picking the winners.....
2023-02-25 22:00:51: The winners list was saved to WinnerList.txt
2023-02-25 22:01:33: Transaction has been reverted by the EVM:
{
  "blockHash": "0x391f8b57c2bbd477ff28c921d96465c34534a07a771f682c256e7dad96fb26a6",
  "blockNumber": 27549601,
  "contractAddress": null,
  "cumulativeGasUsed": 2000495,
  "effectiveGasPrice": 10000000000,
  "from": "0x2c54bce04b8250429afa3ae15f72e703d0759582",
  "gasUsed": 45343,
  "logsBloom": "0x00000000000000000000000000000000000000000000000000000000000000000000000000000000000000000000000000000000000000000000000000000000000000000000000000000000000000000000000000000000000000000000000000000000000000000000000000000000000000000000000000000000000000000000000000000000000000000000000000000000000000000000000000000000000000000000000000000000000000000000000000000000000000000000000000000000000000000000000000000000000000000000000000000000000000000000000000000000000000000000000000000000000000000000000000000000",
  "status": false,
  "to": "0xa51cd42fcbea4e51091740ef3b331283a89e5911",
  "transactionHash": "0x893e94b9672884b6b9bb7650d401f16720503578517bf381b04e47ce4ba9cc4f",
  "transactionIndex": 6,
  "type": "0x0",
  "events": {}
}
2023-02-25 22:01:39: No more winner
2023-02-25 22:01:39: No more winner
2023-02-25 22:01:39: No more winner
2023-02-25 22:20:17: Token address: 0xA51Cd42FcBea4e51091740EF3b331283a89E5911
2023-02-25 22:20:17: Lottery address: 0xE616c58d9F047922C1b3b7800a8576357020308e
2023-02-25 22:20:20: Gas estimation to draw the lottery is 201369
2023-02-25 22:20:23: The main account 0x2C54BcE04B8250429afa3Ae15F72e703d0759582 balance is: 1.441347284779530278 BNB.
2023-02-25 22:20:23: .......Picking the winners.....
2023-02-25 22:20:27: The winners list was saved to WinnerList.txt
2023-02-25 22:21:26: No more winner
2023-02-25 22:21:26: No more winner
2023-02-25 22:21:26: No more winner
2023-02-25 22:21:45: Token address: 0xA51Cd42FcBea4e51091740EF3b331283a89E5911
2023-02-25 22:21:45: Lottery address: 0xE616c58d9F047922C1b3b7800a8576357020308e
2023-02-25 22:21:47: Gas estimation to draw the lottery is 201369
2023-02-25 22:21:48: The main account 0x2C54BcE04B8250429afa3Ae15F72e703d0759582 balance is: 1.433735394779530278 BNB.
2023-02-25 22:21:48: .......Picking the winners.....
2023-02-25 22:21:50: The winners list was saved to WinnerList.txt
2023-02-25 22:23:58: Token address: 0xA51Cd42FcBea4e51091740EF3b331283a89E5911
2023-02-25 22:23:58: Lottery address: 0xE616c58d9F047922C1b3b7800a8576357020308e
2023-02-25 22:24:01: Gas estimation to draw the lottery is 201369
2023-02-25 22:24:02: The main account 0x2C54BcE04B8250429afa3Ae15F72e703d0759582 balance is: 1.429100644779530278 BNB.
2023-02-25 22:24:02: .......Picking the winners.....
2023-02-25 22:24:09: The winners list was saved to WinnerList.txt
2023-02-25 22:27:44: Token address: 0xA51Cd42FcBea4e51091740EF3b331283a89E5911
2023-02-25 22:27:44: Lottery address: 0xE616c58d9F047922C1b3b7800a8576357020308e
2023-02-25 22:27:48: Gas estimation to draw the lottery is 201369
2023-02-25 22:27:48: The main account 0x2C54BcE04B8250429afa3Ae15F72e703d0759582 balance is: 1.426236294779530278 BNB.
2023-02-25 22:27:48: .......Picking the winners.....
2023-02-25 22:27:51: The winners list was saved to WinnerList.txt
2023-02-25 22:29:12: No more winner
2023-02-25 22:29:12: No more winner
2023-02-25 22:29:12: No more winner
2023-02-25 22:29:23: Token address: 0xA51Cd42FcBea4e51091740EF3b331283a89E5911
2023-02-25 22:29:23: Lottery address: 0xE616c58d9F047922C1b3b7800a8576357020308e
2023-02-25 22:29:26: Gas estimation to draw the lottery is 155468
2023-02-25 22:29:26: The main account 0x2C54BcE04B8250429afa3Ae15F72e703d0759582 balance is: 1.418540044779530278 BNB.
2023-02-25 22:29:26: .......Picking the winners.....
2023-02-25 22:29:30: The winners list was saved to WinnerList.txt
2023-02-26 12:33:45: Token address: 0xA51Cd42FcBea4e51091740EF3b331283a89E5911
2023-02-26 12:33:45: Lottery address: 0xE616c58d9F047922C1b3b7800a8576357020308e
2023-02-26 12:33:46: Gas estimation to draw the lottery is 104978
2023-02-26 12:33:46: The main account 0x2C54BcE04B8250429afa3Ae15F72e703d0759582 balance is: 1.417769564779530278 BNB.
2023-02-26 12:33:46: .......Picking the winners.....
2023-02-26 12:33:49: The winners list was saved to WinnerList.txt
2023-02-26 16:43:53: Token address: 0xA51Cd42FcBea4e51091740EF3b331283a89E5911
2023-02-26 16:43:53: Lottery address: 0x75864fD98404d1F3E59614D255dC2478a6E67514
2023-02-26 16:43:53: Gas estimation to draw the lottery is 109280
2023-02-26 16:43:53: The main account 0x2C54BcE04B8250429afa3Ae15F72e703d0759582 balance is: 1.414509554779530278 BNB.
2023-02-26 16:43:53: .......Picking the winners.....
2023-02-26 16:43:55: The winners list was saved to WinnerList.txt
2023-02-26 16:53:50: Token address: 0xA51Cd42FcBea4e51091740EF3b331283a89E5911
2023-02-26 16:53:50: Lottery address: 0x75864fD98404d1F3E59614D255dC2478a6E67514
2023-02-26 16:53:51: Gas estimation to draw the lottery is 109280
2023-02-26 16:53:51: The main account 0x2C54BcE04B8250429afa3Ae15F72e703d0759582 balance is: 1.411509044779530278 BNB.
2023-02-26 16:53:51: .......Picking the winners.....
2023-02-26 16:53:52: The winners list was saved to WinnerList.txt
2023-02-26 16:55:01: Token address: 0xA51Cd42FcBea4e51091740EF3b331283a89E5911
2023-02-26 16:55:01: Lottery address: 0x75864fD98404d1F3E59614D255dC2478a6E67514
2023-02-26 16:55:01: Gas estimation to draw the lottery is 109280
2023-02-26 16:55:02: The main account 0x2C54BcE04B8250429afa3Ae15F72e703d0759582 balance is: 1.409153724779530278 BNB.
2023-02-26 16:55:02: .......Picking the winners.....
2023-02-26 16:55:45: Token address: 0xA51Cd42FcBea4e51091740EF3b331283a89E5911
2023-02-26 16:55:45: Lottery address: 0x75864fD98404d1F3E59614D255dC2478a6E67514
2023-02-26 16:55:45: Gas estimation to draw the lottery is 109280
2023-02-26 16:55:45: The main account 0x2C54BcE04B8250429afa3Ae15F72e703d0759582 balance is: 1.409153724779530278 BNB.
2023-02-26 16:55:45: .......Picking the winners.....
2023-02-26 16:56:15: Token address: 0xA51Cd42FcBea4e51091740EF3b331283a89E5911
2023-02-26 16:56:15: Lottery address: 0x75864fD98404d1F3E59614D255dC2478a6E67514
2023-02-26 16:56:16: Gas estimation to draw the lottery is 109280
2023-02-26 16:56:16: The main account 0x2C54BcE04B8250429afa3Ae15F72e703d0759582 balance is: 1.409153724779530278 BNB.
2023-02-26 16:56:16: .......Picking the winners.....
2023-02-26 16:56:16: Gas estimation to draw the lottery is 109280
2023-02-26 16:56:16: The main account 0x2C54BcE04B8250429afa3Ae15F72e703d0759582 balance is: 1.409153724779530278 BNB.
2023-02-26 16:56:16: .......Picking the winners.....
2023-02-26 16:56:16: Gas estimation to draw the lottery is 109280
2023-02-26 16:56:16: The main account 0x2C54BcE04B8250429afa3Ae15F72e703d0759582 balance is: 1.409153724779530278 BNB.
2023-02-26 16:56:16: .......Picking the winners.....
2023-02-26 16:56:17: Gas estimation to draw the lottery is 109280
2023-02-26 16:56:17: The main account 0x2C54BcE04B8250429afa3Ae15F72e703d0759582 balance is: 1.409153724779530278 BNB.
2023-02-26 16:56:17: .......Picking the winners.....
2023-02-26 16:56:17: Gas estimation to draw the lottery is 109280
2023-02-26 16:56:17: The main account 0x2C54BcE04B8250429afa3Ae15F72e703d0759582 balance is: 1.409153724779530278 BNB.
2023-02-26 16:56:17: .......Picking the winners.....
2023-02-26 16:56:17: Gas estimation to draw the lottery is 109280
2023-02-26 16:56:17: The main account 0x2C54BcE04B8250429afa3Ae15F72e703d0759582 balance is: 1.409153724779530278 BNB.
2023-02-26 16:56:17: .......Picking the winners.....
2023-02-26 16:56:18: Gas estimation to draw the lottery is 109280
2023-02-26 16:56:18: The main account 0x2C54BcE04B8250429afa3Ae15F72e703d0759582 balance is: 1.409153724779530278 BNB.
2023-02-26 16:56:18: .......Picking the winners.....
2023-02-26 16:56:18: Gas estimation to draw the lottery is 109280
2023-02-26 16:56:18: The main account 0x2C54BcE04B8250429afa3Ae15F72e703d0759582 balance is: 1.409153724779530278 BNB.
2023-02-26 16:56:18: .......Picking the winners.....
2023-02-26 16:56:18: Gas estimation to draw the lottery is 109280
2023-02-26 16:56:18: The main account 0x2C54BcE04B8250429afa3Ae15F72e703d0759582 balance is: 1.409153724779530278 BNB.
2023-02-26 16:56:18: .......Picking the winners.....
2023-02-26 16:56:19: Gas estimation to draw the lottery is 109280
2023-02-26 16:56:19: The main account 0x2C54BcE04B8250429afa3Ae15F72e703d0759582 balance is: 1.409153724779530278 BNB.
2023-02-26 16:56:19: .......Picking the winners.....
2023-02-26 16:56:19: Gas estimation to draw the lottery is 109280
2023-02-26 16:56:19: The main account 0x2C54BcE04B8250429afa3Ae15F72e703d0759582 balance is: 1.409153724779530278 BNB.
2023-02-26 16:56:19: .......Picking the winners.....
2023-02-26 16:56:19: Gas estimation to draw the lottery is 109280
2023-02-26 16:56:19: The main account 0x2C54BcE04B8250429afa3Ae15F72e703d0759582 balance is: 1.409153724779530278 BNB.
2023-02-26 16:56:19: .......Picking the winners.....
2023-02-26 16:56:20: Gas estimation to draw the lottery is 109280
2023-02-26 16:56:20: The main account 0x2C54BcE04B8250429afa3Ae15F72e703d0759582 balance is: 1.409153724779530278 BNB.
2023-02-26 16:56:20: .......Picking the winners.....
2023-02-26 16:56:20: Gas estimation to draw the lottery is 109280
2023-02-26 16:56:20: The main account 0x2C54BcE04B8250429afa3Ae15F72e703d0759582 balance is: 1.409153724779530278 BNB.
2023-02-26 16:56:20: .......Picking the winners.....
2023-02-26 16:56:20: Gas estimation to draw the lottery is 109280
2023-02-26 16:56:20: The main account 0x2C54BcE04B8250429afa3Ae15F72e703d0759582 balance is: 1.409153724779530278 BNB.
2023-02-26 16:56:20: .......Picking the winners.....
2023-02-26 16:56:21: Gas estimation to draw the lottery is 109280
2023-02-26 16:56:21: The main account 0x2C54BcE04B8250429afa3Ae15F72e703d0759582 balance is: 1.409153724779530278 BNB.
2023-02-26 16:56:21: .......Picking the winners.....
2023-02-26 16:56:21: Gas estimation to draw the lottery is 109280
2023-02-26 16:56:21: The main account 0x2C54BcE04B8250429afa3Ae15F72e703d0759582 balance is: 1.409153724779530278 BNB.
2023-02-26 16:56:21: .......Picking the winners.....
2023-02-26 16:56:21: Gas estimation to draw the lottery is 109280
2023-02-26 16:56:21: The main account 0x2C54BcE04B8250429afa3Ae15F72e703d0759582 balance is: 1.409153724779530278 BNB.
2023-02-26 16:56:21: .......Picking the winners.....
2023-02-26 16:56:21: Gas estimation to draw the lottery is 109280
2023-02-26 16:56:22: The main account 0x2C54BcE04B8250429afa3Ae15F72e703d0759582 balance is: 1.409153724779530278 BNB.
2023-02-26 16:56:22: .......Picking the winners.....
2023-02-26 16:56:22: Gas estimation to draw the lottery is 109280
2023-02-26 16:56:22: The main account 0x2C54BcE04B8250429afa3Ae15F72e703d0759582 balance is: 1.409153724779530278 BNB.
2023-02-26 16:56:22: .......Picking the winners.....
2023-02-26 16:56:22: Gas estimation to draw the lottery is 109280
2023-02-26 16:56:22: The main account 0x2C54BcE04B8250429afa3Ae15F72e703d0759582 balance is: 1.409153724779530278 BNB.
2023-02-26 16:56:22: .......Picking the winners.....
2023-02-26 16:56:22: Gas estimation to draw the lottery is 109280
2023-02-26 16:56:22: The main account 0x2C54BcE04B8250429afa3Ae15F72e703d0759582 balance is: 1.409153724779530278 BNB.
2023-02-26 16:56:22: .......Picking the winners.....
2023-02-26 16:56:23: Gas estimation to draw the lottery is 109280
2023-02-26 16:56:23: The main account 0x2C54BcE04B8250429afa3Ae15F72e703d0759582 balance is: 1.409153724779530278 BNB.
2023-02-26 16:56:23: .......Picking the winners.....
2023-02-26 16:56:23: Gas estimation to draw the lottery is 109280
2023-02-26 16:56:23: The main account 0x2C54BcE04B8250429afa3Ae15F72e703d0759582 balance is: 1.409153724779530278 BNB.
2023-02-26 16:56:23: .......Picking the winners.....
2023-02-26 16:56:23: Gas estimation to draw the lottery is 109280
2023-02-26 16:56:23: The main account 0x2C54BcE04B8250429afa3Ae15F72e703d0759582 balance is: 1.409153724779530278 BNB.
2023-02-26 16:56:23: .......Picking the winners.....
2023-02-26 16:56:24: Gas estimation to draw the lottery is 109280
2023-02-26 16:56:24: The main account 0x2C54BcE04B8250429afa3Ae15F72e703d0759582 balance is: 1.409153724779530278 BNB.
2023-02-26 16:56:24: .......Picking the winners.....
2023-02-26 16:58:54: Token address: 0xA51Cd42FcBea4e51091740EF3b331283a89E5911
2023-02-26 16:58:54: Lottery address: 0x75864fD98404d1F3E59614D255dC2478a6E67514
2023-02-26 16:58:54: Gas estimation to draw the lottery is 109280
2023-02-26 16:58:54: The main account 0x2C54BcE04B8250429afa3Ae15F72e703d0759582 balance is: 1.409153724779530278 BNB.
2023-02-26 16:58:54: .......Picking the winners.....
2023-02-26 16:58:55: Gas estimation to draw the lottery is 109280
2023-02-26 16:58:55: The main account 0x2C54BcE04B8250429afa3Ae15F72e703d0759582 balance is: 1.409153724779530278 BNB.
2023-02-26 16:58:55: .......Picking the winners.....
2023-02-26 16:58:55: Gas estimation to draw the lottery is 109280
2023-02-26 16:58:55: The main account 0x2C54BcE04B8250429afa3Ae15F72e703d0759582 balance is: 1.409153724779530278 BNB.
2023-02-26 16:58:55: .......Picking the winners.....
2023-02-26 16:58:55: Gas estimation to draw the lottery is 109280
2023-02-26 16:58:55: The main account 0x2C54BcE04B8250429afa3Ae15F72e703d0759582 balance is: 1.409153724779530278 BNB.
2023-02-26 16:58:55: .......Picking the winners.....
2023-02-26 16:58:55: Gas estimation to draw the lottery is 109280
2023-02-26 16:58:56: The main account 0x2C54BcE04B8250429afa3Ae15F72e703d0759582 balance is: 1.409153724779530278 BNB.
2023-02-26 16:58:56: .......Picking the winners.....
2023-02-26 16:58:56: Gas estimation to draw the lottery is 109280
2023-02-26 16:58:56: The main account 0x2C54BcE04B8250429afa3Ae15F72e703d0759582 balance is: 1.409153724779530278 BNB.
2023-02-26 16:58:56: .......Picking the winners.....
2023-02-26 16:58:56: Gas estimation to draw the lottery is 109280
2023-02-26 16:58:56: The main account 0x2C54BcE04B8250429afa3Ae15F72e703d0759582 balance is: 1.409153724779530278 BNB.
2023-02-26 16:58:56: .......Picking the winners.....
2023-02-26 16:58:56: Gas estimation to draw the lottery is 109280
2023-02-26 16:58:57: The main account 0x2C54BcE04B8250429afa3Ae15F72e703d0759582 balance is: 1.409153724779530278 BNB.
2023-02-26 16:58:57: .......Picking the winners.....
2023-02-26 16:59:14: Token address: 0xA51Cd42FcBea4e51091740EF3b331283a89E5911
2023-02-26 16:59:14: Lottery address: 0x75864fD98404d1F3E59614D255dC2478a6E67514
2023-02-26 16:59:14: Gas estimation to draw the lottery is 109280
2023-02-26 16:59:14: The main account 0x2C54BcE04B8250429afa3Ae15F72e703d0759582 balance is: 1.409153724779530278 BNB.
2023-02-26 16:59:14: .......Picking the winners.....
2023-02-26 16:59:14: Gas estimation to draw the lottery is 109280
2023-02-26 16:59:14: The main account 0x2C54BcE04B8250429afa3Ae15F72e703d0759582 balance is: 1.409153724779530278 BNB.
2023-02-26 16:59:14: .......Picking the winners.....
2023-02-26 16:59:15: Gas estimation to draw the lottery is 109280
2023-02-26 16:59:15: The main account 0x2C54BcE04B8250429afa3Ae15F72e703d0759582 balance is: 1.409153724779530278 BNB.
2023-02-26 16:59:15: .......Picking the winners.....
2023-02-26 16:59:15: Gas estimation to draw the lottery is 109280
2023-02-26 16:59:15: The main account 0x2C54BcE04B8250429afa3Ae15F72e703d0759582 balance is: 1.409153724779530278 BNB.
2023-02-26 16:59:15: .......Picking the winners.....
2023-02-26 16:59:15: Gas estimation to draw the lottery is 109280
2023-02-26 16:59:15: The main account 0x2C54BcE04B8250429afa3Ae15F72e703d0759582 balance is: 1.409153724779530278 BNB.
2023-02-26 16:59:15: .......Picking the winners.....
2023-02-26 16:59:16: Gas estimation to draw the lottery is 109280
2023-02-26 16:59:16: The main account 0x2C54BcE04B8250429afa3Ae15F72e703d0759582 balance is: 1.409153724779530278 BNB.
2023-02-26 16:59:16: .......Picking the winners.....
2023-02-26 16:59:16: Gas estimation to draw the lottery is 109280
2023-02-26 16:59:16: The main account 0x2C54BcE04B8250429afa3Ae15F72e703d0759582 balance is: 1.409153724779530278 BNB.
2023-02-26 16:59:16: .......Picking the winners.....
2023-02-26 16:59:16: Gas estimation to draw the lottery is 109280
2023-02-26 16:59:16: The main account 0x2C54BcE04B8250429afa3Ae15F72e703d0759582 balance is: 1.409153724779530278 BNB.
2023-02-26 16:59:16: .......Picking the winners.....
2023-02-26 16:59:17: Gas estimation to draw the lottery is 109280
2023-02-26 17:03:06: Token address: 0xA51Cd42FcBea4e51091740EF3b331283a89E5911
2023-02-26 17:03:06: Lottery address: 0x75864fD98404d1F3E59614D255dC2478a6E67514
2023-02-26 17:03:23: Token address: 0xA51Cd42FcBea4e51091740EF3b331283a89E5911
2023-02-26 17:03:23: Lottery address: 0x75864fD98404d1F3E59614D255dC2478a6E67514
2023-02-26 17:03:24: Gas estimation to draw the lottery is 109280
2023-02-26 17:03:24: The main account 0x2C54BcE04B8250429afa3Ae15F72e703d0759582 balance is: 1.409153724779530278 BNB.
2023-02-26 17:03:24: .......Picking the winners.....
2023-02-26 17:03:28: The winners list was saved to WinnerList.txt
2023-02-26 17:04:54: Token address: 0xA51Cd42FcBea4e51091740EF3b331283a89E5911
2023-02-26 17:04:54: Lottery address: 0x75864fD98404d1F3E59614D255dC2478a6E67514
2023-02-26 17:04:54: Gas estimation to draw the lottery is 109280
2023-02-26 17:04:54: The main account 0x2C54BcE04B8250429afa3Ae15F72e703d0759582 balance is: 1.407209834779530278 BNB.
2023-02-26 17:04:55: .......Picking the winners.....
2023-02-26 17:04:58: The winners list was saved to WinnerList.txt
2023-02-26 17:06:53: Token address: 0xA51Cd42FcBea4e51091740EF3b331283a89E5911
2023-02-26 17:06:53: Lottery address: 0x75864fD98404d1F3E59614D255dC2478a6E67514
2023-02-26 17:06:53: The lottery is not ready to draw yet
2023-02-26 17:09:49: Token address: 0xA51Cd42FcBea4e51091740EF3b331283a89E5911
2023-02-26 17:09:49: Lottery address: 0x75864fD98404d1F3E59614D255dC2478a6E67514
2023-02-26 17:09:50: The lottery is not ready to draw yet
2023-02-26 17:26:48: Token address: 0xA51Cd42FcBea4e51091740EF3b331283a89E5911
2023-02-26 17:26:48: Lottery address: 0x75864fD98404d1F3E59614D255dC2478a6E67514
2023-02-26 17:27:44: Token address: 0xA51Cd42FcBea4e51091740EF3b331283a89E5911
2023-02-26 17:27:44: Lottery address: 0x75864fD98404d1F3E59614D255dC2478a6E67514
2023-02-26 17:37:39: Token address: 0xA51Cd42FcBea4e51091740EF3b331283a89E5911
2023-02-26 17:37:39: Lottery address: 0x75864fD98404d1F3E59614D255dC2478a6E67514
2023-02-26 17:38:00: Gas estimation to draw the lottery is 109280
2023-02-26 17:38:00: The main account 0x2C54BcE04B8250429afa3Ae15F72e703d0759582 balance is: 1.405718894779530278 BNB.
2023-02-26 17:38:00: .......Picking the winners.....
2023-02-26 17:38:04: The winners list was saved to WinnerList.txt
2023-02-26 17:38:28: Token address: 0xA51Cd42FcBea4e51091740EF3b331283a89E5911
2023-02-26 17:38:28: Lottery address: 0x75864fD98404d1F3E59614D255dC2478a6E67514
2023-02-26 17:39:00: server started
2023-02-26 17:39:01: The lottery is not ready to draw yet
2023-02-26 17:40:43: Token address: 0xA51Cd42FcBea4e51091740EF3b331283a89E5911
2023-02-26 17:40:43: Lottery address: 0x75864fD98404d1F3E59614D255dC2478a6E67514
2023-02-26 17:41:00: server started
2023-02-26 17:41:00: The lottery is not ready to draw yet
2023-02-26 17:42:00: server started
2023-02-26 17:42:00: The lottery is not ready to draw yet
2023-02-26 17:43:00: server started
2023-02-26 17:43:00: The lottery is not ready to draw yet
2023-02-26 17:44:00: server started
2023-02-26 17:44:00: The lottery is not ready to draw yet
2023-02-26 17:45:00: server started
2023-02-26 17:45:00: The lottery is not ready to draw yet
2023-02-26 17:46:00: server started
2023-02-26 17:46:00: The lottery is not ready to draw yet
2023-02-26 17:47:00: server started
2023-02-26 17:48:00: server started
2023-02-26 17:48:01: The lottery is not ready to draw yet
2023-02-26 17:49:00: server started
2023-02-26 17:49:00: The lottery is not ready to draw yet
2023-02-26 17:50:00: server started
2023-02-26 17:50:01: The lottery is not ready to draw yet
2023-02-26 17:51:00: server started
2023-02-26 17:51:01: The lottery is not ready to draw yet
2023-02-26 17:52:00: server started
2023-02-26 17:52:00: The lottery is not ready to draw yet
2023-02-26 17:53:00: server started
2023-02-26 17:53:00: The lottery is not ready to draw yet
2023-02-26 17:54:00: server started
2023-02-26 17:54:00: The lottery is not ready to draw yet
2023-02-26 17:55:00: server started
2023-02-26 17:56:00: server started
2023-02-26 17:56:00: The lottery is not ready to draw yet
2023-02-26 18:02:59: Token address: 0xA51Cd42FcBea4e51091740EF3b331283a89E5911
2023-02-26 18:02:59: Lottery address: 0x75864fD98404d1F3E59614D255dC2478a6E67514
2023-02-26 18:03:00: server started
2023-02-26 18:03:01: The lottery is not ready to draw yet
2023-02-26 18:03:01: Gas estimation to draw the lottery is 109280
2023-02-26 18:03:01: The main account 0x2C54BcE04B8250429afa3Ae15F72e703d0759582 balance is: 1.403774884779530278 BNB.
2023-02-26 18:03:01: .......Picking the winners.....
2023-02-26 18:03:04: The winners list was saved to WinnerList.txt
2023-02-26 18:37:09: Program started at Sun Feb 26 2023 18:37:09 GMT+0800 (Taipei Standard Time)
2023-02-26 18:37:09: Token address: 0xA51Cd42FcBea4e51091740EF3b331283a89E5911
2023-02-26 18:37:09: Lottery address: 0x75864fD98404d1F3E59614D255dC2478a6E67514
2023-02-26 18:38:00: server started
2023-02-26 18:38:00: The lottery is not ready to draw yet
2023-02-26 18:38:37: Program started at Sun Feb 26 2023 18:38:37 GMT+0800 (Taipei Standard Time)
2023-02-26 18:38:37: Token address: 0xA51Cd42FcBea4e51091740EF3b331283a89E5911
2023-02-26 18:38:37: Lottery address: 0x75864fD98404d1F3E59614D255dC2478a6E67514
2023-02-26 18:39:00: server started
2023-02-26 18:39:01: The lottery is not ready to draw yet
2023-02-26 19:08:31: Program started at Sun Feb 26 2023 19:08:31 GMT+0800 (Taipei Standard Time)
2023-02-26 19:08:31: Token address: 0xA51Cd42FcBea4e51091740EF3b331283a89E5911
2023-02-26 19:08:31: Lottery address: 0x75864fD98404d1F3E59614D255dC2478a6E67514
2023-02-26 19:08:32: Gas estimation to draw the lottery is 109280
2023-02-26 19:08:32: The main account 0x2C54BcE04B8250429afa3Ae15F72e703d0759582 balance is: 1.400471664779530278 BNB.
2023-02-26 19:08:32: .......Picking the winners.....
2023-02-26 19:08:34: The winners list was saved to WinnerList.txt
2023-02-26 19:09:03: Program started at Sun Feb 26 2023 19:09:03 GMT+0800 (Taipei Standard Time)
2023-02-26 19:09:03: Token address: 0xA51Cd42FcBea4e51091740EF3b331283a89E5911
2023-02-26 19:09:03: Lottery address: 0x75864fD98404d1F3E59614D255dC2478a6E67514
2023-02-26 19:10:00: server started
2023-02-26 19:10:00: The lottery is not ready to draw yet
2023-02-26 19:11:00: server started
2023-02-26 19:11:00: The lottery is not ready to draw yet
2023-02-26 19:11:08: Program started at Sun Feb 26 2023 19:11:08 GMT+0800 (Taipei Standard Time)
2023-02-26 19:11:08: Token address: 0xA51Cd42FcBea4e51091740EF3b331283a89E5911
2023-02-26 19:11:08: Lottery address: 0x75864fD98404d1F3E59614D255dC2478a6E67514
2023-02-26 19:12:00: server started
2023-02-26 19:12:00: The lottery is not ready to draw yet
2023-02-26 19:13:00: server started
2023-02-26 19:13:00: The lottery is not ready to draw yet
2023-02-26 19:16:14: Program started at Sun Feb 26 2023 19:16:14 GMT+0800 (Taipei Standard Time)
2023-02-26 19:16:14: Token address: 0xA51Cd42FcBea4e51091740EF3b331283a89E5911
2023-02-26 19:16:14: Lottery address: 0x75864fD98404d1F3E59614D255dC2478a6E67514
2023-02-26 19:17:00: server started
2023-02-26 19:17:01: The lottery is not ready to draw yet
2023-02-26 19:18:00: server started
2023-02-26 19:18:01: The lottery is not ready to draw yet
2023-02-26 19:19:00: server started
2023-02-26 19:19:00: The lottery is not ready to draw yet
2023-02-26 19:20:00: server started
2023-02-26 19:20:00: Gas estimation to draw the lottery is 109280
2023-02-26 19:20:00: The main account 0x2C54BcE04B8250429afa3Ae15F72e703d0759582 balance is: 1.398980724779530278 BNB.
2023-02-26 19:20:00: .......Picking the winners.....
2023-02-26 19:20:05: The winners list was saved to WinnerList.txt
2023-02-27 00:53:05: Program started at Mon Feb 27 2023 00:53:05 GMT+0800 (Taipei Standard Time)
2023-02-27 00:53:05: Token address: 0xA51Cd42FcBea4e51091740EF3b331283a89E5911
2023-02-27 00:53:05: Lottery address: 0x75864fD98404d1F3E59614D255dC2478a6E67514
2023-02-27 00:54:00: server started
2023-02-27 00:54:00: ..............Starting lottery draw........
2023-02-27 00:54:00: Gas estimation to draw the lottery is 109280
2023-02-27 00:54:00: The main account 0x2C54BcE04B8250429afa3Ae15F72e703d0759582 balance is: 1.395719144779530278 BNB.
2023-02-27 00:54:00: .......Picking the winners.....
2023-02-27 00:54:03: The winners list was saved to WinnerList.txt
