2023-02-25 21:40:38: Transaction has been reverted by the EVM:
{
  "blockHash": "0x048f317c7c53e2d34960fe0b7550809878ece7b133f075435b8d6549ac81dc4a",
  "blockNumber": 27549182,
  "contractAddress": null,
  "cumulativeGasUsed": 380389,
  "effectiveGasPrice": 10000000000,
  "from": "0x2c54bce04b8250429afa3ae15f72e703d0759582",
  "gasUsed": 45343,
  "logsBloom": "0x00000000000000000000000000000000000000000000000000000000000000000000000000000000000000000000000000000000000000000000000000000000000000000000000000000000000000000000000000000000000000000000000000000000000000000000000000000000000000000000000000000000000000000000000000000000000000000000000000000000000000000000000000000000000000000000000000000000000000000000000000000000000000000000000000000000000000000000000000000000000000000000000000000000000000000000000000000000000000000000000000000000000000000000000000000000",
  "status": false,
  "to": "0xa51cd42fcbea4e51091740ef3b331283a89e5911",
  "transactionHash": "0xdf36c6765320a3ad67476e816f042a4635a41cf89643cedfa078c968ca681932",
  "transactionIndex": 4,
  "type": "0x0",
  "events": {}
}
2023-02-25 21:40:45: Transaction has been reverted by the EVM:
{
  "blockHash": "0xe4238d2bf9ca159ff1dbd56e32f72360c8c354a661b50b17a6ef79ac4a4aff53",
  "blockNumber": 27549184,
  "contractAddress": null,
  "cumulativeGasUsed": 304372,
  "effectiveGasPrice": 10000000000,
  "from": "0x2c54bce04b8250429afa3ae15f72e703d0759582",
  "gasUsed": 45343,
  "logsBloom": "0x00000000000000000000000000000000000000000000000000000000000000000000000000000000000000000000000000000000000000000000000000000000000000000000000000000000000000000000000000000000000000000000000000000000000000000000000000000000000000000000000000000000000000000000000000000000000000000000000000000000000000000000000000000000000000000000000000000000000000000000000000000000000000000000000000000000000000000000000000000000000000000000000000000000000000000000000000000000000000000000000000000000000000000000000000000000",
  "status": false,
  "to": "0xa51cd42fcbea4e51091740ef3b331283a89e5911",
  "transactionHash": "0x2559828637a77a5a9bb517288aa2912b7b2384513e9d86d7024a9f715623ac93",
  "transactionIndex": 3,
  "type": "0x0",
  "events": {}
}
2023-02-25 21:46:50: Transaction has been reverted by the EVM:
{
  "blockHash": "0x481233ad30623d151d44537e7c9ec6a242a2762cf5087007c998c06c1d19fd47",
  "blockNumber": 27549306,
  "contractAddress": null,
  "cumulativeGasUsed": 233109,
  "effectiveGasPrice": 10000000000,
  "from": "0x2c54bce04b8250429afa3ae15f72e703d0759582",
  "gasUsed": 45343,
  "logsBloom": "0x00000000000000000000000000000000000000000000000000000000000000000000000000000000000000000000000000000000000000000000000000000000000000000000000000000000000000000000000000000000000000000000000000000000000000000000000000000000000000000000000000000000000000000000000000000000000000000000000000000000000000000000000000000000000000000000000000000000000000000000000000000000000000000000000000000000000000000000000000000000000000000000000000000000000000000000000000000000000000000000000000000000000000000000000000000000",
  "status": false,
  "to": "0xa51cd42fcbea4e51091740ef3b331283a89e5911",
  "transactionHash": "0x13467b3d0d66651f13f73ac1011b164dd77eb93296572c7dda92ecccda5aee34",
  "transactionIndex": 4,
  "type": "0x0",
  "events": {}
}
2023-02-25 22:01:33: Transaction has been reverted by the EVM:
{
  "blockHash": "0x391f8b57c2bbd477ff28c921d96465c34534a07a771f682c256e7dad96fb26a6",
  "blockNumber": 27549601,
  "contractAddress": null,
  "cumulativeGasUsed": 2000495,
  "effectiveGasPrice": 10000000000,
  "from": "0x2c54bce04b8250429afa3ae15f72e703d0759582",
  "gasUsed": 45343,
  "logsBloom": "0x00000000000000000000000000000000000000000000000000000000000000000000000000000000000000000000000000000000000000000000000000000000000000000000000000000000000000000000000000000000000000000000000000000000000000000000000000000000000000000000000000000000000000000000000000000000000000000000000000000000000000000000000000000000000000000000000000000000000000000000000000000000000000000000000000000000000000000000000000000000000000000000000000000000000000000000000000000000000000000000000000000000000000000000000000000000",
  "status": false,
  "to": "0xa51cd42fcbea4e51091740ef3b331283a89e5911",
  "transactionHash": "0x893e94b9672884b6b9bb7650d401f16720503578517bf381b04e47ce4ba9cc4f",
  "transactionIndex": 6,
  "type": "0x0",
  "events": {}
}
